<?xml version="1.0" encoding="UTF-8"?>
<!DOCTYPE suite SYSTEM "http://testng.org/testng-1.0.dtd">

<suite name="Integration Tests" parallel="false" thread-count="2" verbose="1">
  <test name="PostMan Echo Tests" preserve-order="true">
    <classes>
      <class name="com.nisum.jp.springbootcucumberrest.CucumberIntegrationTest"/>
    </classes>
  </test>
</suite>